<?xml version="1.0" encoding="UTF-8"?>
<!-- Generated by org.testng.reporters.JUnitReportReporter -->
<testsuite hostname="Sidhu" name="SampleTest" tests="1" failures="0" timestamp="17 May 2014 02:07:38 GMT" time="0.016" errors="0">
  <testcase name="testApp" time="0.016" classname="SampleTest"/>
</testsuite> <!-- SampleTest -->
