<?xml version="1.0" encoding="UTF-8"?>
<!-- Generated by org.testng.reporters.JUnitReportReporter -->
<testsuite hostname="Sidhu" name="test.SampleTest" tests="2" failures="0" timestamp="1 Aug 2014 23:23:03 GMT" time="0.001" errors="0">
  <testcase name="testSampleAppLogout" time="0.000" classname="test.SampleTest"/>
  <testcase name="testSampleAppLogin" time="0.001" classname="test.SampleTest"/>
</testsuite> <!-- test.SampleTest -->
