<?xml version="1.0" encoding="UTF-8"?>
<!-- Generated by org.testng.reporters.JUnitReportReporter -->
<testsuite hostname="Sidhu" name="test.YahooTest" tests="1" failures="0" timestamp="1 Aug 2014 23:23:03 GMT" time="0.002" errors="0">
  <testcase name="testYahooApp" time="0.002" classname="test.YahooTest"/>
</testsuite> <!-- test.YahooTest -->
